1723042027 : ipf_helper 1937.265625 14512128
1723042028 : ipf_helper 1937.265625 14512128
1723042029 : ipf_helper 1937.265625 14512128
1723042029 : ipf_helper 1937.265625 14516224
1723042030 : ipf_helper 1937.28125 14512128
1723042030 : ipf_helper 1937.28125 14512128
1723042031 : ipf_helper 1937.28125 14512128
1723042032 : ipf_helper 1937.296875 14512128
1723042032 : ipf_helper 1937.359375 14512128
1723042033 : ipf_helper 1937.359375 14512128
1723042033 : ipf_helper 1937.359375 14512128
1723042034 : ipf_helper 1937.375 14512128
1723042035 : ipf_helper 1937.390625 14512128
1723042035 : ipf_helper 1937.390625 14512128
1723042036 : ipf_helper 1937.421875 14512128
1723042036 : ipf_helper 1937.421875 14512128
1723042037 : ipf_helper 1937.421875 14512128
1723042038 : ipf_helper 1937.453125 14512128
1723042038 : ipf_helper 1937.453125 14512128
1723042039 : ipf_helper 1937.515625 14512128
1723042039 : ipf_helper 1937.546875 14512128
1723042040 : ipf_helper 1937.546875 14512128
1723042041 : ipf_helper 1937.5625 14512128
1723042041 : ipf_helper 1937.578125 14512128
1723042042 : ipf_helper 1937.578125 14512128
1723042042 : ipf_helper 1937.578125 14512128
1723042043 : ipf_helper 1937.578125 14512128
1723042044 : ipf_helper 1937.609375 14512128
1723042044 : ipf_helper 1937.609375 14512128
1723042045 : ipf_helper 1937.609375 14512128
1723042045 : ipf_helper 1937.609375 14512128
1723042046 : ipf_helper 1937.640625 14512128
1723042047 : ipf_helper 1937.640625 14512128
